This file contains any messages produced by compilers while
running configure, to aid debugging if configure makes a mistake.

It was created by lzo configure 1.08, which was
generated by GNU Autoconf 2.53.  Invocation command line was

  $ ./configure CFLAGS=-m32

## --------- ##
## Platform. ##
## --------- ##

hostname = csc2-node01.amherst.edu
uname -m = x86_64
uname -r = 2.6.18-308.4.1.el5
uname -s = Linux
uname -v = #1 SMP Tue Apr 17 17:08:00 EDT 2012

/usr/bin/uname -p = unknown
/bin/uname -X     = unknown

/bin/arch              = x86_64
/usr/bin/arch -k       = unknown
/usr/convex/getsysinfo = unknown
hostinfo               = unknown
/bin/machine           = unknown
/usr/bin/oslevel       = unknown
/bin/universe          = unknown

PATH: /usr/lib64/qt-3.3/bin
PATH: /usr/kerberos/bin
PATH: /usr/local/condor/bin
PATH: /usr/local/bin
PATH: /bin
PATH: /usr/bin
PATH: /opt/c3-4/
PATH: /usr/NX/bin
PATH: /home/msantolucito13/bin


## ----------- ##
## Core tests. ##
## ----------- ##

configure:1418: checking build system type
configure:1436: result: x86_64-unknown-linux-gnu
configure:1444: checking host system type
configure:1458: result: x86_64-unknown-linux-gnu
configure:1466: checking target system type
configure:1480: result: x86_64-unknown-linux-gnu
configure:1570: checking for gcc
configure:1586: found /usr/bin/gcc
configure:1596: result: gcc
configure:1840: checking for C compiler version
configure:1843: gcc --version </dev/null >&5
gcc (GCC) 4.1.2 20080704 (Red Hat 4.1.2-52)
Copyright (C) 2006 Free Software Foundation, Inc.
This is free software; see the source for copying conditions.  There is NO
warranty; not even for MERCHANTABILITY or FITNESS FOR A PARTICULAR PURPOSE.

configure:1846: $? = 0
configure:1848: gcc -v </dev/null >&5
Using built-in specs.
Target: x86_64-redhat-linux
Configured with: ../configure --prefix=/usr --mandir=/usr/share/man --infodir=/usr/share/info --enable-shared --enable-threads=posix --enable-checking=release --with-system-zlib --enable-__cxa_atexit --disable-libunwind-exceptions --enable-libgcj-multifile --enable-languages=c,c++,objc,obj-c++,java,fortran,ada --enable-java-awt=gtk --disable-dssi --disable-plugin --with-java-home=/usr/lib/jvm/java-1.4.2-gcj-1.4.2.0/jre --with-cpu=generic --host=x86_64-redhat-linux
Thread model: posix
gcc version 4.1.2 20080704 (Red Hat 4.1.2-52)
configure:1851: $? = 0
configure:1853: gcc -V </dev/null >&5
gcc: '-V' option must have argument
configure:1856: $? = 1
configure:1882: checking for C compiler default output
configure:1885: gcc -m32   conftest.c  >&5
configure:1888: $? = 0
configure:1921: result: a.out
configure:1926: checking whether the C compiler works
configure:1932: ./a.out
configure:1935: $? = 0
configure:1950: result: yes
configure:1957: checking whether we are cross compiling
configure:1959: result: no
configure:1962: checking for suffix of executables
configure:1964: gcc -o conftest -m32   conftest.c  >&5
configure:1967: $? = 0
configure:1989: result: 
configure:1995: checking for suffix of object files
configure:2019: gcc -c -m32  conftest.c >&5
configure:2022: $? = 0
configure:2041: result: o
configure:2045: checking whether we are using the GNU C compiler
configure:2072: gcc -c -m32  conftest.c >&5
configure:2075: $? = 0
configure:2078: test -s conftest.o
configure:2081: $? = 0
configure:2093: result: yes
configure:2099: checking whether gcc accepts -g
configure:2123: gcc -c -g  conftest.c >&5
configure:2126: $? = 0
configure:2129: test -s conftest.o
configure:2132: $? = 0
configure:2142: result: yes
configure:2169: gcc -c -m32  conftest.c >&5
conftest.c:2: error: expected '=', ',', ';', 'asm' or '__attribute__' before 'me'
configure:2172: $? = 1
configure: failed program was:
#ifndef __cplusplus
  choke me
#endif
configure:2296: checking for gcc option to accept ANSI C
configure:2394: gcc  -c -m32  conftest.c >&5
configure:2397: $? = 0
configure:2400: test -s conftest.o
configure:2403: $? = 0
configure:2417: result: none needed
configure:2441: checking for a BSD-compatible install
configure:2495: result: /usr/bin/install -c
configure:2506: checking whether build environment is sane
configure:2549: result: yes
configure:2582: checking for gawk
configure:2598: found /bin/gawk
configure:2608: result: gawk
configure:2618: checking whether make sets ${MAKE}
configure:2638: result: yes
configure:2667: checking for style of include used by make
configure:2695: result: GNU
configure:2857: checking dependency style of gcc
configure:2919: result: gcc3
configure:2931: checking whether to enable maintainer-specific portions of Makefiles
configure:2940: result: no
configure:2956: checking whether we are using GNU make
configure:2962: result: yes
configure:3033: checking if malloc debugging is wanted
configure:3054: result: no
configure:3098: checking how to run the C preprocessor
configure:3124: gcc -E  conftest.c
configure:3130: $? = 0
configure:3157: gcc -E  conftest.c
configure:3153:28: error: ac_nonexistent.h: No such file or directory
configure:3163: $? = 1
configure: failed program was:
#line 3152 "configure"
#include "confdefs.h"
#include <ac_nonexistent.h>
configure:3200: result: gcc -E
configure:3215: gcc -E  conftest.c
configure:3221: $? = 0
configure:3248: gcc -E  conftest.c
configure:3244:28: error: ac_nonexistent.h: No such file or directory
configure:3254: $? = 1
configure: failed program was:
#line 3243 "configure"
#include "confdefs.h"
#include <ac_nonexistent.h>
configure:3294: checking whether gcc and cc understand -c and -o together
configure:3327: gcc -c conftest.c -o conftest.o >&5
configure:3330: $? = 0
configure:3332: gcc -c conftest.c -o conftest.o >&5
configure:3335: $? = 0
configure:3342: cc -c conftest.c >&5
configure:3345: $? = 0
configure:3348: cc -c conftest.c -o conftest.o >&5
configure:3351: $? = 0
configure:3353: cc -c conftest.c -o conftest.o >&5
configure:3356: $? = 0
configure:3374: result: yes
configure:3386: checking how the compiler promotes integrals
configure:3412: gcc -c -m32  conftest.c >&5
configure:3415: $? = 0
configure:3418: test -s conftest.o
configure:3421: $? = 0
configure:3431: result: ANSI C (value-preserving)
configure:3434: checking whether we are using checkergcc
configure:3447: gcc -E conftest.c
configure:3450: $? = 0
configure:3457: result: no
configure:3489: checking whether to build a debug version
configure:3491: result: no
configure:3504: checking whether to build a profiling version
configure:3506: result: no
configure:3518: checking whether to build a coverage version
configure:3520: result: no
configure:3576: checking for ld used by GCC
configure:3639: result: /usr/bin/ld
configure:3648: checking if the linker (/usr/bin/ld) is GNU ld
GNU ld version 2.17.50.0.6-20.el5_8.3 20061020
configure:3660: result: yes
configure:3665: checking for /usr/bin/ld option to reload object files
configure:3672: result: -r
configure:3677: checking for BSD-compatible nm
configure:3713: result: /usr/bin/nm -B
configure:3716: checking for a sed that does not truncate output
configure:3798: result: /bin/sed
configure:3801: checking whether ln -s works
configure:3805: result: yes
configure:3812: checking how to recognise dependent libraries
configure:3993: result: file_magic ELF [0-9][0-9]*-bit [LM]SB (shared object|dynamic lib )
configure:4004: checking command to parse /usr/bin/nm -B output
configure:4085: gcc -c -m32  conftest.c >&5
configure:4088: $? = 0
configure:4092: /usr/bin/nm -B conftest.o \| sed -n -e 's/^.*[ 	]\([ABCDGISTW][ABCDGISTW]*\)[ 	][ 	]*\(\)\([_A-Za-z][_A-Za-z0-9]*\)$/\1 \2\3 \3/p' \> conftest.nm
configure:4095: $? = 0
configure:4147: gcc -o conftest -m32   conftest.c conftstm.o >&5
configure:4150: $? = 0
configure:4194: result: ok
configure:4199: checking for ANSI C header files
configure:4213: gcc -E  conftest.c
configure:4219: $? = 0
configure:4306: gcc -o conftest -m32   conftest.c  >&5
configure: In function 'main':
configure:4297: warning: incompatible implicit declaration of built-in function 'exit'
configure:4309: $? = 0
configure:4311: ./conftest
configure:4314: $? = 0
configure:4328: result: yes
configure:4352: checking for sys/types.h
configure:4365: gcc -c -m32  conftest.c >&5
configure:4368: $? = 0
configure:4371: test -s conftest.o
configure:4374: $? = 0
configure:4384: result: yes
configure:4352: checking for sys/stat.h
configure:4365: gcc -c -m32  conftest.c >&5
configure:4368: $? = 0
configure:4371: test -s conftest.o
configure:4374: $? = 0
configure:4384: result: yes
configure:4352: checking for stdlib.h
configure:4365: gcc -c -m32  conftest.c >&5
configure:4368: $? = 0
configure:4371: test -s conftest.o
configure:4374: $? = 0
configure:4384: result: yes
configure:4352: checking for string.h
configure:4365: gcc -c -m32  conftest.c >&5
configure:4368: $? = 0
configure:4371: test -s conftest.o
configure:4374: $? = 0
configure:4384: result: yes
configure:4352: checking for memory.h
configure:4365: gcc -c -m32  conftest.c >&5
configure:4368: $? = 0
configure:4371: test -s conftest.o
configure:4374: $? = 0
configure:4384: result: yes
configure:4352: checking for strings.h
configure:4365: gcc -c -m32  conftest.c >&5
configure:4368: $? = 0
configure:4371: test -s conftest.o
configure:4374: $? = 0
configure:4384: result: yes
configure:4352: checking for inttypes.h
configure:4365: gcc -c -m32  conftest.c >&5
configure:4368: $? = 0
configure:4371: test -s conftest.o
configure:4374: $? = 0
configure:4384: result: yes
configure:4352: checking for stdint.h
configure:4365: gcc -c -m32  conftest.c >&5
configure:4368: $? = 0
configure:4371: test -s conftest.o
configure:4374: $? = 0
configure:4384: result: yes
configure:4352: checking for unistd.h
configure:4365: gcc -c -m32  conftest.c >&5
configure:4368: $? = 0
configure:4371: test -s conftest.o
configure:4374: $? = 0
configure:4384: result: yes
configure:4410: checking dlfcn.h usability
configure:4419: gcc -c -m32  conftest.c >&5
configure:4422: $? = 0
configure:4425: test -s conftest.o
configure:4428: $? = 0
configure:4437: result: yes
configure:4441: checking dlfcn.h presence
configure:4448: gcc -E  conftest.c
configure:4454: $? = 0
configure:4472: result: yes
configure:4490: checking for dlfcn.h
configure:4497: result: yes
configure:4519: checking for file
configure:4574: result: /usr/bin/file
configure:4695: checking for ranlib
configure:4711: found /usr/bin/ranlib
configure:4722: result: ranlib
configure:4775: checking for strip
configure:4791: found /usr/bin/strip
configure:4802: result: strip
configure:5013: checking for objdir
configure:5024: result: .libs
configure:5041: checking for gcc option to produce PIC
configure:5187: result: -fPIC
configure:5191: checking if gcc PIC flag -fPIC works
configure:5217: gcc -c -m32 -fPIC -DPIC  conftest.c >&5
configure:5220: $? = 0
configure:5223: test -s conftest.o
configure:5226: $? = 0
configure:5263: result: yes
configure:5279: checking if gcc static flag -static works
configure:5306: gcc -o conftest -m32   -static conftest.c  >&5
configure:5309: $? = 0
configure:5312: test -s conftest
configure:5315: $? = 0
configure:5330: result: yes
configure:5342: checking if gcc supports -c -o file.o
configure:5362: gcc -c -m32 -o out/conftest2.o  conftest.c >&5
configure:5386: result: yes
configure:5391: checking if gcc supports -c -o file.lo
configure:5421: gcc -c -m32 -c -o conftest.lo  conftest.c >&5
configure:5424: $? = 0
configure:5427: test -s conftest.lo
configure:5430: $? = 0
configure:5451: result: yes
configure:5482: checking if gcc supports -fno-rtti -fno-exceptions
configure:5507: gcc -c -m32 -fno-rtti -fno-exceptions -c conftest.c  conftest.c >&5
cc1: warning: command line option "-fno-rtti" is valid for C++/ObjC++ but not for C
cc1: warning: command line option "-fno-rtti" is valid for C++/ObjC++ but not for C
configure:5510: $? = 0
configure:5513: test -s conftest.o
configure:5516: $? = 0
configure:5532: result: yes
configure:5543: checking whether the linker (/usr/bin/ld) supports shared libraries
configure:6235: result: yes
configure:6240: checking how to hardcode library paths into programs
configure:6264: result: immediate
configure:6269: checking whether stripping libraries is possible
configure:6274: result: yes
configure:6285: checking dynamic linker characteristics
configure:6687: result: GNU/Linux ld.so
configure:6692: checking if libtool supports shared libraries
configure:6694: result: yes
configure:6697: checking whether to build shared libraries
configure:6718: result: no
configure:6721: checking whether to build static libraries
configure:6725: result: yes
configure:8019: checking for nasm
configure:8048: result: no
configure:8139: checking for ANSI C header files
configure:8268: result: yes
configure:8278: checking whether time.h and sys/time.h may both be included
configure:8306: gcc -c -m32  conftest.c >&5
configure:8309: $? = 0
configure:8312: test -s conftest.o
configure:8315: $? = 0
configure:8325: result: yes
configure:8355: checking assert.h usability
configure:8364: gcc -c -m32  conftest.c >&5
configure:8367: $? = 0
configure:8370: test -s conftest.o
configure:8373: $? = 0
configure:8382: result: yes
configure:8386: checking assert.h presence
configure:8393: gcc -E  conftest.c
configure:8399: $? = 0
configure:8417: result: yes
configure:8435: checking for assert.h
configure:8442: result: yes
configure:8355: checking ctype.h usability
configure:8364: gcc -c -m32  conftest.c >&5
configure:8367: $? = 0
configure:8370: test -s conftest.o
configure:8373: $? = 0
configure:8382: result: yes
configure:8386: checking ctype.h presence
configure:8393: gcc -E  conftest.c
configure:8399: $? = 0
configure:8417: result: yes
configure:8435: checking for ctype.h
configure:8442: result: yes
configure:8355: checking limits.h usability
configure:8364: gcc -c -m32  conftest.c >&5
configure:8367: $? = 0
configure:8370: test -s conftest.o
configure:8373: $? = 0
configure:8382: result: yes
configure:8386: checking limits.h presence
configure:8393: gcc -E  conftest.c
configure:8399: $? = 0
configure:8417: result: yes
configure:8435: checking for limits.h
configure:8442: result: yes
configure:8355: checking signal.h usability
configure:8364: gcc -c -m32  conftest.c >&5
configure:8367: $? = 0
configure:8370: test -s conftest.o
configure:8373: $? = 0
configure:8382: result: yes
configure:8386: checking signal.h presence
configure:8393: gcc -E  conftest.c
configure:8399: $? = 0
configure:8417: result: yes
configure:8435: checking for signal.h
configure:8442: result: yes
configure:8355: checking stddef.h usability
configure:8364: gcc -c -m32  conftest.c >&5
configure:8367: $? = 0
configure:8370: test -s conftest.o
configure:8373: $? = 0
configure:8382: result: yes
configure:8386: checking stddef.h presence
configure:8393: gcc -E  conftest.c
configure:8399: $? = 0
configure:8417: result: yes
configure:8435: checking for stddef.h
configure:8442: result: yes
configure:8355: checking time.h usability
configure:8364: gcc -c -m32  conftest.c >&5
configure:8367: $? = 0
configure:8370: test -s conftest.o
configure:8373: $? = 0
configure:8382: result: yes
configure:8386: checking time.h presence
configure:8393: gcc -E  conftest.c
configure:8399: $? = 0
configure:8417: result: yes
configure:8435: checking for time.h
configure:8442: result: yes
configure:8346: checking for unistd.h
configure:8351: result: yes
configure:8472: checking sys/param.h usability
configure:8481: gcc -c -m32  conftest.c >&5
configure:8484: $? = 0
configure:8487: test -s conftest.o
configure:8490: $? = 0
configure:8499: result: yes
configure:8503: checking sys/param.h presence
configure:8510: gcc -E  conftest.c
configure:8516: $? = 0
configure:8534: result: yes
configure:8552: checking for sys/param.h
configure:8559: result: yes
configure:8472: checking sys/resource.h usability
configure:8481: gcc -c -m32  conftest.c >&5
configure:8484: $? = 0
configure:8487: test -s conftest.o
configure:8490: $? = 0
configure:8499: result: yes
configure:8503: checking sys/resource.h presence
configure:8510: gcc -E  conftest.c
configure:8516: $? = 0
configure:8534: result: yes
configure:8552: checking for sys/resource.h
configure:8559: result: yes
configure:8472: checking sys/time.h usability
configure:8481: gcc -c -m32  conftest.c >&5
configure:8484: $? = 0
configure:8487: test -s conftest.o
configure:8490: $? = 0
configure:8499: result: yes
configure:8503: checking sys/time.h presence
configure:8510: gcc -E  conftest.c
configure:8516: $? = 0
configure:8534: result: yes
configure:8552: checking for sys/time.h
configure:8559: result: yes
configure:8472: checking sys/times.h usability
configure:8481: gcc -c -m32  conftest.c >&5
configure:8484: $? = 0
configure:8487: test -s conftest.o
configure:8490: $? = 0
configure:8499: result: yes
configure:8503: checking sys/times.h presence
configure:8510: gcc -E  conftest.c
configure:8516: $? = 0
configure:8534: result: yes
configure:8552: checking for sys/times.h
configure:8559: result: yes
configure:8588: checking endian.h usability
configure:8597: gcc -c -m32  conftest.c >&5
configure:8600: $? = 0
configure:8603: test -s conftest.o
configure:8606: $? = 0
configure:8615: result: yes
configure:8619: checking endian.h presence
configure:8626: gcc -E  conftest.c
configure:8632: $? = 0
configure:8650: result: yes
configure:8668: checking for endian.h
configure:8675: result: yes
configure:8588: checking sys/endian.h usability
configure:8597: gcc -c -m32  conftest.c >&5
configure:8625:24: error: sys/endian.h: No such file or directory
configure:8600: $? = 1
configure: failed program was:
#line 8590 "configure"
#include "confdefs.h"
#include <stdio.h>
#if HAVE_SYS_TYPES_H
# include <sys/types.h>
#endif
#if HAVE_SYS_STAT_H
# include <sys/stat.h>
#endif
#if STDC_HEADERS
# include <stdlib.h>
# include <stddef.h>
#else
# if HAVE_STDLIB_H
#  include <stdlib.h>
# endif
#endif
#if HAVE_STRING_H
# if !STDC_HEADERS && HAVE_MEMORY_H
#  include <memory.h>
# endif
# include <string.h>
#endif
#if HAVE_STRINGS_H
# include <strings.h>
#endif
#if HAVE_INTTYPES_H
# include <inttypes.h>
#else
# if HAVE_STDINT_H
#  include <stdint.h>
# endif
#endif
#if HAVE_UNISTD_H
# include <unistd.h>
#endif
#include <sys/endian.h>
configure:8615: result: no
configure:8619: checking sys/endian.h presence
configure:8626: gcc -E  conftest.c
configure:8622:24: error: sys/endian.h: No such file or directory
configure:8632: $? = 1
configure: failed program was:
#line 8621 "configure"
#include "confdefs.h"
#include <sys/endian.h>
configure:8650: result: no
configure:8668: checking for sys/endian.h
configure:8675: result: no
configure:8588: checking unchecked.h usability
configure:8597: gcc -c -m32  conftest.c >&5
configure:8625:23: error: unchecked.h: No such file or directory
configure:8600: $? = 1
configure: failed program was:
#line 8590 "configure"
#include "confdefs.h"
#include <stdio.h>
#if HAVE_SYS_TYPES_H
# include <sys/types.h>
#endif
#if HAVE_SYS_STAT_H
# include <sys/stat.h>
#endif
#if STDC_HEADERS
# include <stdlib.h>
# include <stddef.h>
#else
# if HAVE_STDLIB_H
#  include <stdlib.h>
# endif
#endif
#if HAVE_STRING_H
# if !STDC_HEADERS && HAVE_MEMORY_H
#  include <memory.h>
# endif
# include <string.h>
#endif
#if HAVE_STRINGS_H
# include <strings.h>
#endif
#if HAVE_INTTYPES_H
# include <inttypes.h>
#else
# if HAVE_STDINT_H
#  include <stdint.h>
# endif
#endif
#if HAVE_UNISTD_H
# include <unistd.h>
#endif
#include <unchecked.h>
configure:8615: result: no
configure:8619: checking unchecked.h presence
configure:8626: gcc -E  conftest.c
configure:8622:23: error: unchecked.h: No such file or directory
configure:8632: $? = 1
configure: failed program was:
#line 8621 "configure"
#include "confdefs.h"
#include <unchecked.h>
configure:8650: result: no
configure:8668: checking for unchecked.h
configure:8675: result: no
configure:8702: checking zlib.h usability
configure:8711: gcc -c -m32  conftest.c >&5
configure:8714: $? = 0
configure:8717: test -s conftest.o
configure:8720: $? = 0
configure:8729: result: yes
configure:8733: checking zlib.h presence
configure:8740: gcc -E  conftest.c
configure:8746: $? = 0
configure:8764: result: yes
configure:8782: checking for zlib.h
configure:8789: result: yes
configure:8808: checking whether limits.h is sane
configure:8920: gcc -c -m32  conftest.c >&5
configure:8923: $? = 0
configure:8926: test -s conftest.o
configure:8929: $? = 0
configure:8939: result: yes
configure:8953: checking for ptrdiff_t
configure:8980: gcc -c -m32  conftest.c >&5
configure:8983: $? = 0
configure:8986: test -s conftest.o
configure:8989: $? = 0
configure:8999: result: yes
configure:9011: checking for size_t
configure:9038: gcc -c -m32  conftest.c >&5
configure:9041: $? = 0
configure:9044: test -s conftest.o
configure:9047: $? = 0
configure:9057: result: yes
configure:9070: checking for unsigned short
configure:9097: gcc -c -m32  conftest.c >&5
configure:9100: $? = 0
configure:9103: test -s conftest.o
configure:9106: $? = 0
configure:9116: result: yes
configure:9119: checking size of unsigned short
configure:9397: gcc -o conftest -m32   conftest.c  >&5
configure:9400: $? = 0
configure:9402: ./conftest
configure:9405: $? = 0
configure:9425: result: 2
configure:9432: checking for unsigned
configure:9459: gcc -c -m32  conftest.c >&5
configure:9462: $? = 0
configure:9465: test -s conftest.o
configure:9468: $? = 0
configure:9478: result: yes
configure:9481: checking size of unsigned
configure:9759: gcc -o conftest -m32   conftest.c  >&5
configure:9762: $? = 0
configure:9764: ./conftest
configure:9767: $? = 0
configure:9787: result: 4
configure:9794: checking for unsigned long
configure:9821: gcc -c -m32  conftest.c >&5
configure:9824: $? = 0
configure:9827: test -s conftest.o
configure:9830: $? = 0
configure:9840: result: yes
configure:9843: checking size of unsigned long
configure:10121: gcc -o conftest -m32   conftest.c  >&5
configure:10124: $? = 0
configure:10126: ./conftest
configure:10129: $? = 0
configure:10149: result: 4
configure:10156: checking for char *
configure:10183: gcc -c -m32  conftest.c >&5
configure:10186: $? = 0
configure:10189: test -s conftest.o
configure:10192: $? = 0
configure:10202: result: yes
configure:10205: checking size of char *
configure:10483: gcc -o conftest -m32   conftest.c  >&5
configure:10486: $? = 0
configure:10488: ./conftest
configure:10491: $? = 0
configure:10511: result: 4
configure:10518: checking for ptrdiff_t
configure:10564: result: yes
configure:10567: checking size of ptrdiff_t
configure:10845: gcc -o conftest -m32   conftest.c  >&5
configure:10848: $? = 0
configure:10850: ./conftest
configure:10853: $? = 0
configure:10873: result: 4
configure:10880: checking for size_t
configure:10926: result: yes
configure:10929: checking size of size_t
configure:11207: gcc -o conftest -m32   conftest.c  >&5
configure:11210: $? = 0
configure:11212: ./conftest
configure:11215: $? = 0
configure:11235: result: 4
configure:11248: checking for gcc option to accept ANSI C
configure:11311: gcc  -c -m32  conftest.c >&5
configure:11314: $? = 0
configure:11317: test -s conftest.o
configure:11320: $? = 0
configure:11337: result: none needed
configure:11345: checking for an ANSI C-conforming const
configure:11415: gcc -c -m32  conftest.c >&5
configure:11418: $? = 0
configure:11421: test -s conftest.o
configure:11424: $? = 0
configure:11434: result: yes
configure:11445: checking the byte order
configure:11475: gcc -o conftest -m32   conftest.c  >&5
configure: In function 'main':
configure:11466: warning: incompatible implicit declaration of built-in function 'exit'
configure:11478: $? = 0
configure:11480: ./conftest
configure:11483: $? = 1
configure: program exited with status 1
configure: failed program was:
#line 11453 "configure"
#include "confdefs.h"

#ifdef F77_DUMMY_MAIN
#  ifdef __cplusplus
     extern "C"
#  endif
   int F77_DUMMY_MAIN() { return 1; }
#endif
int
main ()
{

  union { long l; char c[sizeof(long)]; } u;
  u.l = 1; exit(u.c[0] == 1);

  ;
  return 0;
}
configure:11496: result: 1234
configure:11524: checking for memcmp
configure:11567: gcc -o conftest -m32   conftest.c  >&5
configure:11539: warning: conflicting types for built-in function 'memcmp'
configure:11570: $? = 0
configure:11573: test -s conftest
configure:11576: $? = 0
configure:11586: result: yes
configure:11524: checking for memcpy
configure:11567: gcc -o conftest -m32   conftest.c  >&5
configure:11539: warning: conflicting types for built-in function 'memcpy'
configure:11570: $? = 0
configure:11573: test -s conftest
configure:11576: $? = 0
configure:11586: result: yes
configure:11524: checking for memmove
configure:11567: gcc -o conftest -m32   conftest.c  >&5
configure:11539: warning: conflicting types for built-in function 'memmove'
configure:11570: $? = 0
configure:11573: test -s conftest
configure:11576: $? = 0
configure:11586: result: yes
configure:11524: checking for memset
configure:11567: gcc -o conftest -m32   conftest.c  >&5
configure:11539: warning: conflicting types for built-in function 'memset'
configure:11570: $? = 0
configure:11573: test -s conftest
configure:11576: $? = 0
configure:11586: result: yes
configure:11604: checking for memicmp
configure:11647: gcc -o conftest -m32   conftest.c  >&5
/tmp/ccAF28eE.o: In function `main':
conftest.c:(.text+0x14): undefined reference to `memicmp'
collect2: ld returned 1 exit status
configure:11650: $? = 1
configure: failed program was:
#line 11609 "configure"
#include "confdefs.h"
/* System header to define __stub macros and hopefully few prototypes,
    which can conflict with char memicmp (); below.  */
#include <assert.h>
/* Override any gcc2 internal prototype to avoid an error.  */
#ifdef __cplusplus
extern "C"
#endif
/* We use char because int might match the return type of a gcc2
   builtin and then its argument prototype would still apply.  */
char memicmp ();
char (*f) ();

#ifdef F77_DUMMY_MAIN
#  ifdef __cplusplus
     extern "C"
#  endif
   int F77_DUMMY_MAIN() { return 1; }
#endif
int
main ()
{
/* The GNU C library defines this for functions which it implements
    to always fail with ENOSYS.  Some functions are actually named
    something starting with __ and the normal name is an alias.  */
#if defined (__stub_memicmp) || defined (__stub___memicmp)
choke me
#else
f = memicmp;
#endif

  ;
  return 0;
}
configure:11666: result: no
configure:11604: checking for strcasecmp
configure:11647: gcc -o conftest -m32   conftest.c  >&5
configure:11619: warning: conflicting types for built-in function 'strcasecmp'
configure:11650: $? = 0
configure:11653: test -s conftest
configure:11656: $? = 0
configure:11666: result: yes
configure:11604: checking for strncasecmp
configure:11647: gcc -o conftest -m32   conftest.c  >&5
configure:11619: warning: conflicting types for built-in function 'strncasecmp'
configure:11650: $? = 0
configure:11653: test -s conftest
configure:11656: $? = 0
configure:11666: result: yes
configure:11604: checking for stricmp
configure:11647: gcc -o conftest -m32   conftest.c  >&5
/tmp/ccekAb00.o: In function `main':
conftest.c:(.text+0x14): undefined reference to `stricmp'
collect2: ld returned 1 exit status
configure:11650: $? = 1
configure: failed program was:
#line 11609 "configure"
#include "confdefs.h"
/* System header to define __stub macros and hopefully few prototypes,
    which can conflict with char stricmp (); below.  */
#include <assert.h>
/* Override any gcc2 internal prototype to avoid an error.  */
#ifdef __cplusplus
extern "C"
#endif
/* We use char because int might match the return type of a gcc2
   builtin and then its argument prototype would still apply.  */
char stricmp ();
char (*f) ();

#ifdef F77_DUMMY_MAIN
#  ifdef __cplusplus
     extern "C"
#  endif
   int F77_DUMMY_MAIN() { return 1; }
#endif
int
main ()
{
/* The GNU C library defines this for functions which it implements
    to always fail with ENOSYS.  Some functions are actually named
    something starting with __ and the normal name is an alias.  */
#if defined (__stub_stricmp) || defined (__stub___stricmp)
choke me
#else
f = stricmp;
#endif

  ;
  return 0;
}
configure:11666: result: no
configure:11604: checking for strnicmp
configure:11647: gcc -o conftest -m32   conftest.c  >&5
/tmp/cc2NFnUb.o: In function `main':
conftest.c:(.text+0x14): undefined reference to `strnicmp'
collect2: ld returned 1 exit status
configure:11650: $? = 1
configure: failed program was:
#line 11609 "configure"
#include "confdefs.h"
/* System header to define __stub macros and hopefully few prototypes,
    which can conflict with char strnicmp (); below.  */
#include <assert.h>
/* Override any gcc2 internal prototype to avoid an error.  */
#ifdef __cplusplus
extern "C"
#endif
/* We use char because int might match the return type of a gcc2
   builtin and then its argument prototype would still apply.  */
char strnicmp ();
char (*f) ();

#ifdef F77_DUMMY_MAIN
#  ifdef __cplusplus
     extern "C"
#  endif
   int F77_DUMMY_MAIN() { return 1; }
#endif
int
main ()
{
/* The GNU C library defines this for functions which it implements
    to always fail with ENOSYS.  Some functions are actually named
    something starting with __ and the normal name is an alias.  */
#if defined (__stub_strnicmp) || defined (__stub___strnicmp)
choke me
#else
f = strnicmp;
#endif

  ;
  return 0;
}
configure:11666: result: no
configure:11686: checking for atol
configure:11729: gcc -o conftest -m32   conftest.c  >&5
configure:11732: $? = 0
configure:11735: test -s conftest
configure:11738: $? = 0
configure:11748: result: yes
configure:11686: checking for fstat
configure:11729: gcc -o conftest -m32   conftest.c  >&5
configure:11732: $? = 0
configure:11735: test -s conftest
configure:11738: $? = 0
configure:11748: result: yes
configure:11686: checking for getrusage
configure:11729: gcc -o conftest -m32   conftest.c  >&5
configure:11732: $? = 0
configure:11735: test -s conftest
configure:11738: $? = 0
configure:11748: result: yes
configure:11686: checking for gettimeofday
configure:11729: gcc -o conftest -m32   conftest.c  >&5
configure:11732: $? = 0
configure:11735: test -s conftest
configure:11738: $? = 0
configure:11748: result: yes
configure:11686: checking for lstat
configure:11729: gcc -o conftest -m32   conftest.c  >&5
configure:11732: $? = 0
configure:11735: test -s conftest
configure:11738: $? = 0
configure:11748: result: yes
configure:11686: checking for stat
configure:11729: gcc -o conftest -m32   conftest.c  >&5
configure:11732: $? = 0
configure:11735: test -s conftest
configure:11738: $? = 0
configure:11748: result: yes
configure:11686: checking for times
configure:11729: gcc -o conftest -m32   conftest.c  >&5
configure:11732: $? = 0
configure:11735: test -s conftest
configure:11738: $? = 0
configure:11748: result: yes
configure:11758: checking for working memcmp
configure:11802: gcc -o conftest -m32   conftest.c  >&5
configure: In function 'main':
configure:11784: warning: incompatible implicit declaration of built-in function 'exit'
configure:11805: $? = 0
configure:11807: ./conftest
configure:11810: $? = 0
configure:11823: result: yes
configure:11844: checking whether signed to unsigned casting is broken
configure:11875: gcc -c -m32  conftest.c >&5
configure:11878: $? = 0
configure:11881: test -s conftest.o
configure:11884: $? = 0
configure:11894: result: no
configure:11900: checking whether gcc suffers the -fschedule-insns bug
configure:11935: gcc -o conftest -O2 -fschedule-insns -fschedule-insns2   conftest.c  >&5
configure: In function 'main':
configure:11926: warning: incompatible implicit declaration of built-in function 'exit'
configure:11938: $? = 0
configure:11940: ./conftest
configure:11943: $? = 0
configure:11956: result: no
configure:11964: checking whether gcc suffers the -fstrength-reduce bug
configure:11991: gcc -o conftest -O2 -fstrength-reduce   conftest.c  >&5
configure:11994: $? = 0
configure:11996: ./conftest
configure:11999: $? = 0
configure:12012: result: no
configure:12090: checking whether gcc accepts -fstrict-aliasing
configure:12104: result: yes
configure:12166: checking the alignment of the assembler
configure:12205: gcc -o conftest -m32 -O2 -Wall -Wcast-align -Wcast-qual -Wwrite-strings -fstrict-aliasing   conftest.c  >&5
configure: In function 'test':
configure:12178: error: missing terminating " character
configure:12179: error: expected string literal before '.' token
configure:12184: error: missing terminating " character
configure: At top level:
configure:12188: warning: return type defaults to 'int'
configure: In function 'main':
configure:12194: warning: implicit declaration of function 'exit'
configure:12194: warning: incompatible implicit declaration of built-in function 'exit'
configure:12208: $? = 1
configure: program exited with status 1
configure: failed program was:
#line 12174 "configure"
#include "confdefs.h"
#include <stdio.h>
int test() {
#if defined(__GNUC__)
  __asm__ __volatile__ ("
  .align 4
mfx_a1:
  .byte 0
  .align 4
mfx_a2:
  ");
#endif
  return 0;
}
main() {
#if defined(__GNUC__)
  extern char mfx_a1 __asm__("mfx_a1");
  extern char mfx_a2 __asm__("mfx_a2");
  long l = &mfx_a2 - &mfx_a1;
  FILE *f = fopen("conftestval", "w");
  if (!f) exit(1);
  fprintf(f, "%ld\n", l);
  exit(0);
#else
  exit(2);
#endif
}
configure:12226: result: 0
configure:12370: checking whether to build assembler versions
configure:12372: result: no
configure:12522: creating ./config.status

## ---------------------- ##
## Running config.status. ##
## ---------------------- ##

This file was extended by lzo config.status 1.08, which was
generated by GNU Autoconf 2.53.  Invocation command line was

  CONFIG_FILES    = 
  CONFIG_HEADERS  = 
  CONFIG_LINKS    = 
  CONFIG_COMMANDS = 
  $ ./config.status 

on csc2-node01.amherst.edu

config.status:644: creating Makefile
config.status:644: creating examples/Makefile
config.status:644: creating include/Makefile
config.status:644: creating ltest/Makefile
config.status:644: creating minilzo/Makefile
config.status:644: creating src/Makefile
config.status:644: creating tests/Makefile
config.status:748: creating config.h
config.status:1052: executing depfiles commands

## ---------------- ##
## Cache variables. ##
## ---------------- ##

ac_cv_build=x86_64-unknown-linux-gnu
ac_cv_build_alias=x86_64-unknown-linux-gnu
ac_cv_c_compiler_gnu=yes
ac_cv_c_const=yes
ac_cv_env_CC_set=
ac_cv_env_CC_value=
ac_cv_env_CFLAGS_set=set
ac_cv_env_CFLAGS_value=-m32
ac_cv_env_CPPFLAGS_set=
ac_cv_env_CPPFLAGS_value=
ac_cv_env_CPP_set=
ac_cv_env_CPP_value=
ac_cv_env_LDFLAGS_set=
ac_cv_env_LDFLAGS_value=
ac_cv_env_build_alias_set=
ac_cv_env_build_alias_value=
ac_cv_env_host_alias_set=
ac_cv_env_host_alias_value=
ac_cv_env_target_alias_set=
ac_cv_env_target_alias_value=
ac_cv_exeext=
ac_cv_func_atol=yes
ac_cv_func_fstat=yes
ac_cv_func_getrusage=yes
ac_cv_func_gettimeofday=yes
ac_cv_func_lstat=yes
ac_cv_func_memcmp=yes
ac_cv_func_memcpy=yes
ac_cv_func_memicmp=no
ac_cv_func_memmove=yes
ac_cv_func_memset=yes
ac_cv_func_stat=yes
ac_cv_func_strcasecmp=yes
ac_cv_func_stricmp=no
ac_cv_func_strncasecmp=yes
ac_cv_func_strnicmp=no
ac_cv_func_times=yes
ac_cv_header_assert_h=yes
ac_cv_header_ctype_h=yes
ac_cv_header_dlfcn_h=yes
ac_cv_header_endian_h=yes
ac_cv_header_inttypes_h=yes
ac_cv_header_limits_h=yes
ac_cv_header_memory_h=yes
ac_cv_header_signal_h=yes
ac_cv_header_stdc=yes
ac_cv_header_stddef_h=yes
ac_cv_header_stdint_h=yes
ac_cv_header_stdlib_h=yes
ac_cv_header_string_h=yes
ac_cv_header_strings_h=yes
ac_cv_header_sys_endian_h=no
ac_cv_header_sys_param_h=yes
ac_cv_header_sys_resource_h=yes
ac_cv_header_sys_stat_h=yes
ac_cv_header_sys_time_h=yes
ac_cv_header_sys_times_h=yes
ac_cv_header_sys_types_h=yes
ac_cv_header_time=yes
ac_cv_header_time_h=yes
ac_cv_header_unchecked_h=no
ac_cv_header_unistd_h=yes
ac_cv_header_zlib_h=yes
ac_cv_host=x86_64-unknown-linux-gnu
ac_cv_host_alias=x86_64-unknown-linux-gnu
ac_cv_objext=o
ac_cv_path_install='/usr/bin/install -c'
ac_cv_prog_AWK=gawk
ac_cv_prog_CPP='gcc -E'
ac_cv_prog_ac_ct_CC=gcc
ac_cv_prog_ac_ct_RANLIB=ranlib
ac_cv_prog_ac_ct_STRIP=strip
ac_cv_prog_cc_g=yes
ac_cv_prog_cc_gcc_c_o=yes
ac_cv_prog_cc_stdc=
ac_cv_prog_make_make_set=yes
ac_cv_sizeof_char_p=4
ac_cv_sizeof_ptrdiff_t=4
ac_cv_sizeof_size_t=4
ac_cv_sizeof_unsigned=4
ac_cv_sizeof_unsigned_long=4
ac_cv_sizeof_unsigned_short=2
ac_cv_target=x86_64-unknown-linux-gnu
ac_cv_target_alias=x86_64-unknown-linux-gnu
ac_cv_type_char_p=yes
ac_cv_type_ptrdiff_t=yes
ac_cv_type_size_t=yes
ac_cv_type_unsigned=yes
ac_cv_type_unsigned_long=yes
ac_cv_type_unsigned_short=yes
am_cv_CC_dependencies_compiler_type=gcc3
lt_cv_compiler_c_o=yes
lt_cv_compiler_o_lo=yes
lt_cv_deplibs_check_method='file_magic ELF [0-9][0-9]*-bit [LM]SB (shared object|dynamic lib )'
lt_cv_file_magic_cmd='$MAGIC_CMD'
lt_cv_file_magic_test_file='/lib/libc.so.6 /lib/libc-2.5.so'
lt_cv_global_symbol_to_c_name_address='sed -n -e '\''s/^: \([^ ]*\) $/  {\"\1\", (lt_ptr) 0},/p'\'' -e '\''s/^[BCDEGRST] \([^ ]*\) \([^ ]*\)$/  {"\2", (lt_ptr) \&\2},/p'\'''
lt_cv_global_symbol_to_cdecl='sed -n -e '\''s/^. .* \(.*\)$/extern char \1;/p'\'''
lt_cv_ld_reload_flag=-r
lt_cv_path_LD=/usr/bin/ld
lt_cv_path_MAGIC_CMD=/usr/bin/file
lt_cv_path_NM='/usr/bin/nm -B'
lt_cv_path_SED=/bin/sed
lt_cv_prog_cc_can_build_shared=yes
lt_cv_prog_cc_no_builtin=
lt_cv_prog_cc_pic=' -fPIC'
lt_cv_prog_cc_pic_works=yes
lt_cv_prog_cc_shlib=
lt_cv_prog_cc_static=-static
lt_cv_prog_cc_static_works=yes
lt_cv_prog_cc_wl=-Wl,
lt_cv_prog_gnu_ld=yes
lt_cv_sys_global_symbol_pipe='sed -n -e '\''s/^.*[ 	]\([ABCDGISTW][ABCDGISTW]*\)[ 	][ 	]*\(\)\([_A-Za-z][_A-Za-z0-9]*\)$/\1 \2\3 \3/p'\'''
lt_cv_sys_path_separator=:
mfx_cv_asm_align=0
mfx_cv_c_byte_order=1234
mfx_cv_func_memcmp=yes
mfx_cv_header_sane_limits_h=yes
mfx_cv_prog_cc_ansi=
mfx_cv_prog_cc_bug_signed_to_unsigned_casting=no
mfx_cv_prog_cc_integral_promotion='ANSI C (value-preserving)'
mfx_cv_prog_checkergcc=no
mfx_cv_prog_gcc_bug_schedule_insns=no
mfx_cv_prog_gcc_bug_strength_reduce=no
mfx_cv_prog_gcc_f_strict_aliasing=yes

## ----------- ##
## confdefs.h. ##
## ----------- ##

#define PACKAGE_NAME "lzo"
#define PACKAGE_TARNAME "lzo"
#define PACKAGE_VERSION "1.08"
#define PACKAGE_STRING "lzo 1.08"
#define PACKAGE_BUGREPORT ""
#define PACKAGE "lzo"
#define VERSION "1.08"
#define STDC_HEADERS 1
#define HAVE_SYS_TYPES_H 1
#define HAVE_SYS_STAT_H 1
#define HAVE_STDLIB_H 1
#define HAVE_STRING_H 1
#define HAVE_MEMORY_H 1
#define HAVE_STRINGS_H 1
#define HAVE_INTTYPES_H 1
#define HAVE_STDINT_H 1
#define HAVE_UNISTD_H 1
#define HAVE_DLFCN_H 1
#define STDC_HEADERS 1
#define TIME_WITH_SYS_TIME 1
#define HAVE_ASSERT_H 1
#define HAVE_CTYPE_H 1
#define HAVE_LIMITS_H 1
#define HAVE_SIGNAL_H 1
#define HAVE_STDDEF_H 1
#define HAVE_TIME_H 1
#define HAVE_UNISTD_H 1
#define HAVE_SYS_PARAM_H 1
#define HAVE_SYS_RESOURCE_H 1
#define HAVE_SYS_TIME_H 1
#define HAVE_SYS_TIMES_H 1
#define HAVE_ENDIAN_H 1
#define HAVE_ZLIB_H 1
#define SIZEOF_UNSIGNED_SHORT 2
#define SIZEOF_UNSIGNED 4
#define SIZEOF_UNSIGNED_LONG 4
#define SIZEOF_CHAR_P 4
#define SIZEOF_PTRDIFF_T 4
#define SIZEOF_SIZE_T 4
#define MFX_BYTE_ORDER 1234
#define HAVE_MEMCMP 1
#define HAVE_MEMCPY 1
#define HAVE_MEMMOVE 1
#define HAVE_MEMSET 1
#define HAVE_STRCASECMP 1
#define HAVE_STRNCASECMP 1
#define HAVE_ATOL 1
#define HAVE_FSTAT 1
#define HAVE_GETRUSAGE 1
#define HAVE_GETTIMEOFDAY 1
#define HAVE_LSTAT 1
#define HAVE_STAT 1
#define HAVE_TIMES 1
#define MFX_ARCH "unknown"
#define MFX_CPU "x86_64"
#define MFX_ASM_ALIGN_BYTES 1
#define LZO_NO_ASM 1

configure: exit 0
